<?xml version="1.0" encoding="UTF-8"?>
<testsuite name="tw.edu.nctu.cs.lxchen.st.lab3.TestPriorityQueue" tests="1" skipped="0" failures="0" errors="0" timestamp="2021-03-18T08:42:20" hostname="DESKTOP-NO0J3E4" time="0.016">
  <properties/>
  <testcase name="test1()" classname="tw.edu.nctu.cs.lxchen.st.lab3.TestPriorityQueue" time="0.016"/>
  <system-out><![CDATA[test
]]></system-out>
  <system-err><![CDATA[]]></system-err>
</testsuite>
